eventbus_module/build/outputs/logs/manifest-merger-debug-report.txt
-- Merging decision tree log ---
manifest
ADDED from src\main\AndroidManifest.xml:1:1-8:12
INJECTED from src\main\AndroidManifest.xml:1:1-8:12
INJECTED from src\main\AndroidManifest.xml:1:1-8:12
INJECTED from src\main\AndroidManifest.xml:1:1-8:12
INJECTED from src\main\AndroidManifest.xml:1:1-8:12
INJECTED from src\main\AndroidManifest.xml:1:1-8:12
INJECTED from src\main\AndroidManifest.xml:1:1-8:12
	package
		ADDED from src\main\AndroidManifest.xml:2:5-41
		INJECTED from src\main\AndroidManifest.xml
		INJECTED from src\main\AndroidManifest.xml
	android:versionName
		INJECTED from src\main\AndroidManifest.xml
		ADDED from src\main\AndroidManifest.xml:1:1-8:12
		INJECTED from src\main\AndroidManifest.xml
	android:versionCode
		INJECTED from src\main\AndroidManifest.xml
		ADDED from src\main\AndroidManifest.xml:1:1-8:12
		INJECTED from src\main\AndroidManifest.xml
	xmlns:android
		ADDED from src\main\AndroidManifest.xml:1:11-69
application
ADDED from src\main\AndroidManifest.xml:4:5-7:19
activity#com.youshu.eventbus_module.SecondActivity
ADDED from src\main\AndroidManifest.xml:5:9-52
	android:name
		ADDED from src\main\AndroidManifest.xml:5:19-49
activity#com.youshu.eventbus_module.EventBusMainActivity
ADDED from src\main\AndroidManifest.xml:6:9-58
	android:name
		ADDED from src\main\AndroidManifest.xml:6:19-55
uses-sdk
INJECTED from src\main\AndroidManifest.xml reason: use-sdk injection requested
INJECTED from src\main\AndroidManifest.xml
INJECTED from src\main\AndroidManifest.xml
INJECTED from src\main\AndroidManifest.xml
INJECTED from src\main\AndroidManifest.xml
	android:targetSdkVersion
		INJECTED from src\main\AndroidManifest.xml
		ADDED from src\main\AndroidManifest.xml
		INJECTED from src\main\AndroidManifest.xml
	android:minSdkVersion
		INJECTED from src\main\AndroidManifest.xml
		ADDED from src\main\AndroidManifest.xml
		INJECTED from src\main\AndroidManifest.xml